<?xml version="1.0" encoding="UTF-8"?>
<!-- Generated by org.testng.reporters.JUnitXMLReporter -->
<testsuite ignored="120" hostname="TechnePlus_GG" failures="1" tests="41" name="SalesOptimizeSuite" time="1300.563" errors="0" timestamp="05 Oct 2021 12:40:41 GMT">
  <testcase classname="com.salesoptimize.landingpage.LoginSalesOptimizeTest" name="LoginSalesOptimize" time="3.565"/>
  <testcase classname="com.salesoptimize.testcases.TestCase_1" name="ExportAList" time="56.931"/>
  <testcase classname="com.salesoptimize.testcases.TestCase_2" name="ExportPurchasedLeadToSalesforce" time="21.501">
    <failure type="java.lang.RuntimeException" message="org.openqa.selenium.ElementClickInterceptedException: element click intercepted: Element &amp;lt;input type=&amp;quot;checkbox&amp;quot; class=&amp;quot;primary-contact&amp;quot; id=&amp;quot;4083ea9a-3930-4a4d-ad5a-a381f720c58c&amp;quot; checked=&amp;quot;checked&amp;quot; style=&amp;quot;background:#FFBF00; border: 1px solid red;&amp;quot;&amp;gt; is not clickable at point (1229, 6). Other element would receive the click: &amp;lt;div id=&amp;quot;gen-error&amp;quot; class=&amp;quot;dialog-overlay&amp;quot; style=&amp;quot;display: block;&amp;quot;&amp;gt;...&amp;lt;/div&amp;gt;
  (Session info: chrome=94.0.4606.61)
Build info: version: &amp;apos;3.141.59&amp;apos;, revision: &amp;apos;e82be7d358&amp;apos;, time: &amp;apos;2018-11-14T08:17:03&amp;apos;
System info: host: &amp;apos;TECHNEPLUS_GG&amp;apos;, ip: &amp;apos;192.168.1.41&amp;apos;, os.name: &amp;apos;Windows 10&amp;apos;, os.arch: &amp;apos;amd64&amp;apos;, os.version: &amp;apos;10.0&amp;apos;, java.version: &amp;apos;11.0.11&amp;apos;
Driver info: org.openqa.selenium.chrome.ChromeDriver
Capabilities {acceptInsecureCerts: false, browserName: chrome, browserVersion: 94.0.4606.61, chrome: {chromedriverVersion: 94.0.4606.61 (418b78f5838ed..., userDataDir: C:\Users\ADMINI~1\AppData\L...}, goog:chromeOptions: {debuggerAddress: localhost:61144}, javascriptEnabled: true, networkConnectionEnabled: false, pageLoadStrategy: normal, platform: WINDOWS, platformName: WINDOWS, proxy: Proxy(), setWindowRect: true, strictFileInteractability: false, timeouts: {implicit: 0, pageLoad: 300000, script: 30000}, unhandledPromptBehavior: dismiss and notify, webauthn:extension:credBlob: true, webauthn:extension:largeBlob: true, webauthn:virtualAuthenticators: true}
Session ID: 42a7b891dfcff2c5e15db03ce71140eb">
      <![CDATA[java.lang.RuntimeException: org.openqa.selenium.ElementClickInterceptedException: element click intercepted: Element <input type="checkbox" class="primary-contact" id="4083ea9a-3930-4a4d-ad5a-a381f720c58c" checked="checked" style="background:#FFBF00; border: 1px solid red;"> is not clickable at point (1229, 6). Other element would receive the click: <div id="gen-error" class="dialog-overlay" style="display: block;">...</div>
  (Session info: chrome=94.0.4606.61)
Build info: version: '3.141.59', revision: 'e82be7d358', time: '2018-11-14T08:17:03'
System info: host: 'TECHNEPLUS_GG', ip: '192.168.1.41', os.name: 'Windows 10', os.arch: 'amd64', os.version: '10.0', java.version: '11.0.11'
Driver info: org.openqa.selenium.chrome.ChromeDriver
Capabilities {acceptInsecureCerts: false, browserName: chrome, browserVersion: 94.0.4606.61, chrome: {chromedriverVersion: 94.0.4606.61 (418b78f5838ed..., userDataDir: C:\Users\ADMINI~1\AppData\L...}, goog:chromeOptions: {debuggerAddress: localhost:61144}, javascriptEnabled: true, networkConnectionEnabled: false, pageLoadStrategy: normal, platform: WINDOWS, platformName: WINDOWS, proxy: Proxy(), setWindowRect: true, strictFileInteractability: false, timeouts: {implicit: 0, pageLoad: 300000, script: 30000}, unhandledPromptBehavior: dismiss and notify, webauthn:extension:credBlob: true, webauthn:extension:largeBlob: true, webauthn:virtualAuthenticators: true}
Session ID: 42a7b891dfcff2c5e15db03ce71140eb
	at com.salesoptimize.testcases.TestCase_2.ExportPurchasedLeadToSalesforce(TestCase_2.java:20)
Caused by: org.openqa.selenium.ElementClickInterceptedException: element click intercepted: Element <input type="checkbox" class="primary-contact" id="4083ea9a-3930-4a4d-ad5a-a381f720c58c" checked="checked" style="background:#FFBF00; border: 1px solid red;"> is not clickable at point (1229, 6). Other element would receive the click: <div id="gen-error" class="dialog-overlay" style="display: block;">...</div>
  (Session info: chrome=94.0.4606.61)
Build info: version: '3.141.59', revision: 'e82be7d358', time: '2018-11-14T08:17:03'
System info: host: 'TECHNEPLUS_GG', ip: '192.168.1.41', os.name: 'Windows 10', os.arch: 'amd64', os.version: '10.0', java.version: '11.0.11'
Driver info: org.openqa.selenium.chrome.ChromeDriver
Capabilities {acceptInsecureCerts: false, browserName: chrome, browserVersion: 94.0.4606.61, chrome: {chromedriverVersion: 94.0.4606.61 (418b78f5838ed..., userDataDir: C:\Users\ADMINI~1\AppData\L...}, goog:chromeOptions: {debuggerAddress: localhost:61144}, javascriptEnabled: true, networkConnectionEnabled: false, pageLoadStrategy: normal, platform: WINDOWS, platformName: WINDOWS, proxy: Proxy(), setWindowRect: true, strictFileInteractability: false, timeouts: {implicit: 0, pageLoad: 300000, script: 30000}, unhandledPromptBehavior: dismiss and notify, webauthn:extension:credBlob: true, webauthn:extension:largeBlob: true, webauthn:virtualAuthenticators: true}
Session ID: 42a7b891dfcff2c5e15db03ce71140eb
	at org.openqa.selenium.remote.http.W3CHttpResponseCodec.createException(W3CHttpResponseCodec.java:187)
	at org.openqa.selenium.remote.http.W3CHttpResponseCodec.decode(W3CHttpResponseCodec.java:122)
	at org.openqa.selenium.remote.http.W3CHttpResponseCodec.decode(W3CHttpResponseCodec.java:49)
	at org.openqa.selenium.remote.HttpCommandExecutor.execute(HttpCommandExecutor.java:158)
	at org.openqa.selenium.remote.service.DriverCommandExecutor.execute(DriverCommandExecutor.java:83)
	at org.openqa.selenium.remote.RemoteWebDriver.execute(RemoteWebDriver.java:552)
	at org.openqa.selenium.remote.RemoteWebElement.execute(RemoteWebElement.java:285)
	at org.openqa.selenium.remote.RemoteWebElement.click(RemoteWebElement.java:84)
	at com.salesoptimize.utility.CommonMethod.Click(CommonMethod.java:1004)
	at com.salesoptimize.reusablemethods.ReusableMethodsDashboard.ExportPurchasedLeadToSalesforce(ReusableMethodsDashboard.java:283)
	at com.salesoptimize.testcases.TestCase_2.ExportPurchasedLeadToSalesforce(TestCase_2.java:16)
	... 26 more
... Removed 30 stack frames]]>
    </failure>
  </testcase> <!-- ExportPurchasedLeadToSalesforce -->
  <testcase classname="com.salesoptimize.testcases.TestCase_3" name="SelectGlobalRegion" time="43.973"/>
  <testcase classname="com.salesoptimize.testcases.TestCase_4" name="selectEstimatedOnlineSales" time="16.472"/>
  <testcase classname="com.salesoptimize.testcases.TestCase_5" name="IncludePaymentProvider" time="15.166"/>
  <testcase classname="com.salesoptimize.testcases.TestCase_6" name="AddSalesforceCRMExport" time="2.847"/>
  <testcase classname="com.salesoptimize.testcases.TestCase_7" name="Multiurllookup" time="14.586"/>
  <testcase classname="com.salesoptimize.testcases.TestCase_8" name="SelectIndustryAndSubIndustry" time="23.056"/>
  <testcase classname="com.salesoptimize.testcases.TestCase_9" name="HasPhysicalLocation" time="14.942"/>
  <testcase classname="com.salesoptimize.testcases.TestCase_10" name="ContactDepartment" time="43.229"/>
  <testcase classname="com.salesoptimize.testcases.TestCase_11" name="ExportMustHaveEmailAddressPhoneNumber" time="47.167"/>
  <testcase classname="com.salesoptimize.testcases.TestCase_12" name="ExcludePaymentProvider" time="15.213"/>
  <testcase classname="com.salesoptimize.testcases.TestCase_13" name="IncludePaymentMethod" time="11.933"/>
  <testcase classname="com.salesoptimize.testcases.TestCase_14" name="ExcludePaymentMethod" time="43.565"/>
  <testcase classname="com.salesoptimize.testcases.TestCase_15" name="IncludeFinanceProvider" time="18.491"/>
  <testcase classname="com.salesoptimize.testcases.TestCase_16" name="ExcludeFinanceProvider" time="20.195"/>
  <testcase classname="com.salesoptimize.testcases.TestCase_17" name="EvidenceOfOnlinePayments" time="17.099"/>
  <testcase classname="com.salesoptimize.testcases.TestCase_18" name="EvidenceofMobileSite" time="17.144"/>
  <testcase classname="com.salesoptimize.testcases.TestCase_19" name="EvidenceOfMultipleCurrencies" time="17.26"/>
  <testcase classname="com.salesoptimize.testcases.TestCase_20" name="AllSitesShipping" time="17.407"/>
  <testcase classname="com.salesoptimize.testcases.TestCase_21" name="IncludeShippingCompanies" time="17.315"/>
  <testcase classname="com.salesoptimize.testcases.TestCase_22" name="ExcludeShippingCompanies" time="20.321"/>
  <testcase classname="com.salesoptimize.testcases.TestCase_23" name="EvidenceofFreeShipping" time="20.402"/>
  <testcase classname="com.salesoptimize.testcases.TestCase_24" name="VisitorTrafficRegionCountry" time="22.885"/>
  <testcase classname="com.salesoptimize.testcases.TestCase_25" name="EvidenceofInternationalPresence" time="18.971"/>
  <testcase classname="com.salesoptimize.testcases.TestCase_26" name="EvidenceOfInternationalShipping" time="18.842"/>
  <testcase classname="com.salesoptimize.testcases.TestCase_27" name="IncludeWebsiteTechnology" time="23.026"/>
  <testcase classname="com.salesoptimize.testcases.TestCase_28" name="ExcludeWebsiteTechnology" time="22.722"/>
  <testcase classname="com.salesoptimize.testcases.TestCase_29" name="ExcludeWebsiteTechnology" time="26.389"/>
  <testcase classname="com.salesoptimize.testcases.TestCase_30" name="TwitterFollowers" time="27.513"/>
  <testcase classname="com.salesoptimize.testcases.TestCase_31" name="InstagramFollowers" time="27.292"/>
  <testcase classname="com.salesoptimize.testcases.TestCase_32" name="YouTubeViews" time="27.365"/>
  <testcase classname="com.salesoptimize.testcases.TestCase_33" name="YouTubeSubscribers" time="31.618"/>
  <testcase classname="com.salesoptimize.testcases.TestCase_34" name="PresenceOfFacebook" time="26.078"/>
  <testcase classname="com.salesoptimize.testcases.TestCase_35" name="PresenceOfTwitter" time="24.168"/>
  <testcase classname="com.salesoptimize.testcases.TestCase_36" name="PresencOfInstagram" time="23.972"/>
  <testcase classname="com.salesoptimize.testcases.TestCase_37" name="PresenceofYoutube" time="23.657"/>
  <testcase classname="com.salesoptimize.testcases.TestCase_38" name="IncludeMarketingAnalytics" time="32.574"/>
  <testcase classname="com.salesoptimize.testcases.TestCase_39" name="TwitterFollowers" time="23.66"/>
  <testcase classname="com.salesoptimize.testcases.TestCase_40" name="TopLevelDomain" time="97.763"/>
  <testcase classname="com.salesoptimize.utility.BaseClass" name="@AfterSuite end" time="0.0">
    <ignored/>
  </testcase> <!-- @AfterSuite end -->
  <testcase classname="com.salesoptimize.utility.BaseClass" name="@AfterSuite end" time="0.0">
    <ignored/>
  </testcase> <!-- @AfterSuite end -->
  <testcase classname="com.salesoptimize.utility.BaseClass" name="@AfterSuite end" time="0.0">
    <ignored/>
  </testcase> <!-- @AfterSuite end -->
  <testcase classname="com.salesoptimize.utility.BaseClass" name="@AfterSuite end" time="0.0">
    <ignored/>
  </testcase> <!-- @AfterSuite end -->
  <testcase classname="com.salesoptimize.utility.BaseClass" name="@AfterSuite end" time="0.0">
    <ignored/>
  </testcase> <!-- @AfterSuite end -->
  <testcase classname="com.salesoptimize.utility.BaseClass" name="@AfterSuite end" time="0.0">
    <ignored/>
  </testcase> <!-- @AfterSuite end -->
  <testcase classname="com.salesoptimize.utility.BaseClass" name="@AfterSuite end" time="0.0">
    <ignored/>
  </testcase> <!-- @AfterSuite end -->
  <testcase classname="com.salesoptimize.utility.BaseClass" name="@AfterSuite end" time="0.0">
    <ignored/>
  </testcase> <!-- @AfterSuite end -->
  <testcase classname="com.salesoptimize.utility.BaseClass" name="@AfterSuite end" time="0.0">
    <ignored/>
  </testcase> <!-- @AfterSuite end -->
  <testcase classname="com.salesoptimize.utility.BaseClass" name="@AfterSuite end" time="0.0">
    <ignored/>
  </testcase> <!-- @AfterSuite end -->
  <testcase classname="com.salesoptimize.utility.BaseClass" name="@AfterSuite end" time="0.0">
    <ignored/>
  </testcase> <!-- @AfterSuite end -->
  <testcase classname="com.salesoptimize.utility.BaseClass" name="@AfterSuite end" time="0.0">
    <ignored/>
  </testcase> <!-- @AfterSuite end -->
  <testcase classname="com.salesoptimize.utility.BaseClass" name="@AfterSuite end" time="0.0">
    <ignored/>
  </testcase> <!-- @AfterSuite end -->
  <testcase classname="com.salesoptimize.utility.BaseClass" name="@AfterSuite end" time="0.0">
    <ignored/>
  </testcase> <!-- @AfterSuite end -->
  <testcase classname="com.salesoptimize.utility.BaseClass" name="@AfterSuite end" time="0.0">
    <ignored/>
  </testcase> <!-- @AfterSuite end -->
  <testcase classname="com.salesoptimize.utility.BaseClass" name="@AfterSuite end" time="0.0">
    <ignored/>
  </testcase> <!-- @AfterSuite end -->
  <testcase classname="com.salesoptimize.utility.BaseClass" name="@AfterSuite end" time="0.0">
    <ignored/>
  </testcase> <!-- @AfterSuite end -->
  <testcase classname="com.salesoptimize.utility.BaseClass" name="@AfterSuite end" time="0.0">
    <ignored/>
  </testcase> <!-- @AfterSuite end -->
  <testcase classname="com.salesoptimize.utility.BaseClass" name="@AfterSuite end" time="0.0">
    <ignored/>
  </testcase> <!-- @AfterSuite end -->
  <testcase classname="com.salesoptimize.utility.BaseClass" name="@AfterSuite end" time="0.0">
    <ignored/>
  </testcase> <!-- @AfterSuite end -->
  <testcase classname="com.salesoptimize.utility.BaseClass" name="@AfterSuite end" time="0.0">
    <ignored/>
  </testcase> <!-- @AfterSuite end -->
  <testcase classname="com.salesoptimize.utility.BaseClass" name="@AfterSuite end" time="0.0">
    <ignored/>
  </testcase> <!-- @AfterSuite end -->
  <testcase classname="com.salesoptimize.utility.BaseClass" name="@AfterSuite end" time="0.0">
    <ignored/>
  </testcase> <!-- @AfterSuite end -->
  <testcase classname="com.salesoptimize.utility.BaseClass" name="@AfterSuite end" time="0.0">
    <ignored/>
  </testcase> <!-- @AfterSuite end -->
  <testcase classname="com.salesoptimize.utility.BaseClass" name="@AfterSuite end" time="0.0">
    <ignored/>
  </testcase> <!-- @AfterSuite end -->
  <testcase classname="com.salesoptimize.utility.BaseClass" name="@AfterSuite end" time="0.0">
    <ignored/>
  </testcase> <!-- @AfterSuite end -->
  <testcase classname="com.salesoptimize.utility.BaseClass" name="@AfterSuite end" time="0.0">
    <ignored/>
  </testcase> <!-- @AfterSuite end -->
  <testcase classname="com.salesoptimize.utility.BaseClass" name="@AfterSuite end" time="0.0">
    <ignored/>
  </testcase> <!-- @AfterSuite end -->
  <testcase classname="com.salesoptimize.utility.BaseClass" name="@AfterSuite end" time="0.0">
    <ignored/>
  </testcase> <!-- @AfterSuite end -->
  <testcase classname="com.salesoptimize.utility.BaseClass" name="@AfterSuite end" time="0.0">
    <ignored/>
  </testcase> <!-- @AfterSuite end -->
  <testcase classname="com.salesoptimize.utility.BaseClass" name="@AfterSuite end" time="0.0">
    <ignored/>
  </testcase> <!-- @AfterSuite end -->
  <testcase classname="com.salesoptimize.utility.BaseClass" name="@AfterSuite end" time="0.0">
    <ignored/>
  </testcase> <!-- @AfterSuite end -->
  <testcase classname="com.salesoptimize.utility.BaseClass" name="@AfterSuite end" time="0.0">
    <ignored/>
  </testcase> <!-- @AfterSuite end -->
  <testcase classname="com.salesoptimize.utility.BaseClass" name="@AfterSuite end" time="0.0">
    <ignored/>
  </testcase> <!-- @AfterSuite end -->
  <testcase classname="com.salesoptimize.utility.BaseClass" name="@AfterSuite end" time="0.0">
    <ignored/>
  </testcase> <!-- @AfterSuite end -->
  <testcase classname="com.salesoptimize.utility.BaseClass" name="@AfterSuite end" time="0.0">
    <ignored/>
  </testcase> <!-- @AfterSuite end -->
  <testcase classname="com.salesoptimize.utility.BaseClass" name="@AfterSuite end" time="0.0">
    <ignored/>
  </testcase> <!-- @AfterSuite end -->
  <testcase classname="com.salesoptimize.utility.BaseClass" name="@AfterSuite end" time="0.0">
    <ignored/>
  </testcase> <!-- @AfterSuite end -->
  <testcase classname="com.salesoptimize.utility.BaseClass" name="@AfterSuite end" time="0.0">
    <ignored/>
  </testcase> <!-- @AfterSuite end -->
  <testcase classname="com.salesoptimize.utility.BaseClass" name="@AfterSuite end" time="0.0">
    <ignored/>
  </testcase> <!-- @AfterSuite end -->
  <testcase classname="com.salesoptimize.utility.BaseClass" name="@BeforeSuite setup" time="0.0">
    <ignored/>
  </testcase> <!-- @BeforeSuite setup -->
  <testcase classname="com.salesoptimize.utility.BaseClass" name="@BeforeSuite setup" time="0.0">
    <ignored/>
  </testcase> <!-- @BeforeSuite setup -->
  <testcase classname="com.salesoptimize.utility.BaseClass" name="@BeforeSuite setup" time="0.0">
    <ignored/>
  </testcase> <!-- @BeforeSuite setup -->
  <testcase classname="com.salesoptimize.utility.BaseClass" name="@BeforeSuite setup" time="0.0">
    <ignored/>
  </testcase> <!-- @BeforeSuite setup -->
  <testcase classname="com.salesoptimize.utility.BaseClass" name="@BeforeSuite setup" time="0.0">
    <ignored/>
  </testcase> <!-- @BeforeSuite setup -->
  <testcase classname="com.salesoptimize.utility.BaseClass" name="@BeforeSuite setup" time="0.0">
    <ignored/>
  </testcase> <!-- @BeforeSuite setup -->
  <testcase classname="com.salesoptimize.utility.BaseClass" name="@BeforeSuite setup" time="0.0">
    <ignored/>
  </testcase> <!-- @BeforeSuite setup -->
  <testcase classname="com.salesoptimize.utility.BaseClass" name="@BeforeSuite setup" time="0.0">
    <ignored/>
  </testcase> <!-- @BeforeSuite setup -->
  <testcase classname="com.salesoptimize.utility.BaseClass" name="@BeforeSuite setup" time="0.0">
    <ignored/>
  </testcase> <!-- @BeforeSuite setup -->
  <testcase classname="com.salesoptimize.utility.BaseClass" name="@BeforeSuite setup" time="0.0">
    <ignored/>
  </testcase> <!-- @BeforeSuite setup -->
  <testcase classname="com.salesoptimize.utility.BaseClass" name="@BeforeSuite setup" time="0.0">
    <ignored/>
  </testcase> <!-- @BeforeSuite setup -->
  <testcase classname="com.salesoptimize.utility.BaseClass" name="@BeforeSuite setup" time="0.0">
    <ignored/>
  </testcase> <!-- @BeforeSuite setup -->
  <testcase classname="com.salesoptimize.utility.BaseClass" name="@BeforeSuite setup" time="0.0">
    <ignored/>
  </testcase> <!-- @BeforeSuite setup -->
  <testcase classname="com.salesoptimize.utility.BaseClass" name="@BeforeSuite setup" time="0.0">
    <ignored/>
  </testcase> <!-- @BeforeSuite setup -->
  <testcase classname="com.salesoptimize.utility.BaseClass" name="@BeforeSuite setup" time="0.0">
    <ignored/>
  </testcase> <!-- @BeforeSuite setup -->
  <testcase classname="com.salesoptimize.utility.BaseClass" name="@BeforeSuite setup" time="0.0">
    <ignored/>
  </testcase> <!-- @BeforeSuite setup -->
  <testcase classname="com.salesoptimize.utility.BaseClass" name="@BeforeSuite setup" time="0.0">
    <ignored/>
  </testcase> <!-- @BeforeSuite setup -->
  <testcase classname="com.salesoptimize.utility.BaseClass" name="@BeforeSuite setup" time="0.0">
    <ignored/>
  </testcase> <!-- @BeforeSuite setup -->
  <testcase classname="com.salesoptimize.utility.BaseClass" name="@BeforeSuite setup" time="0.0">
    <ignored/>
  </testcase> <!-- @BeforeSuite setup -->
  <testcase classname="com.salesoptimize.utility.BaseClass" name="@BeforeSuite setup" time="0.0">
    <ignored/>
  </testcase> <!-- @BeforeSuite setup -->
  <testcase classname="com.salesoptimize.utility.BaseClass" name="@BeforeSuite setup" time="0.0">
    <ignored/>
  </testcase> <!-- @BeforeSuite setup -->
  <testcase classname="com.salesoptimize.utility.BaseClass" name="@BeforeSuite setup" time="0.0">
    <ignored/>
  </testcase> <!-- @BeforeSuite setup -->
  <testcase classname="com.salesoptimize.utility.BaseClass" name="@BeforeSuite setup" time="0.0">
    <ignored/>
  </testcase> <!-- @BeforeSuite setup -->
  <testcase classname="com.salesoptimize.utility.BaseClass" name="@BeforeSuite setup" time="0.0">
    <ignored/>
  </testcase> <!-- @BeforeSuite setup -->
  <testcase classname="com.salesoptimize.utility.BaseClass" name="@BeforeSuite setup" time="0.0">
    <ignored/>
  </testcase> <!-- @BeforeSuite setup -->
  <testcase classname="com.salesoptimize.utility.BaseClass" name="@BeforeSuite setup" time="0.0">
    <ignored/>
  </testcase> <!-- @BeforeSuite setup -->
  <testcase classname="com.salesoptimize.utility.BaseClass" name="@BeforeSuite setup" time="0.0">
    <ignored/>
  </testcase> <!-- @BeforeSuite setup -->
  <testcase classname="com.salesoptimize.utility.BaseClass" name="@BeforeSuite setup" time="0.0">
    <ignored/>
  </testcase> <!-- @BeforeSuite setup -->
  <testcase classname="com.salesoptimize.utility.BaseClass" name="@BeforeSuite setup" time="0.0">
    <ignored/>
  </testcase> <!-- @BeforeSuite setup -->
  <testcase classname="com.salesoptimize.utility.BaseClass" name="@BeforeSuite setup" time="0.0">
    <ignored/>
  </testcase> <!-- @BeforeSuite setup -->
  <testcase classname="com.salesoptimize.utility.BaseClass" name="@BeforeSuite setup" time="0.0">
    <ignored/>
  </testcase> <!-- @BeforeSuite setup -->
  <testcase classname="com.salesoptimize.utility.BaseClass" name="@BeforeSuite setup" time="0.0">
    <ignored/>
  </testcase> <!-- @BeforeSuite setup -->
  <testcase classname="com.salesoptimize.utility.BaseClass" name="@BeforeSuite setup" time="0.0">
    <ignored/>
  </testcase> <!-- @BeforeSuite setup -->
  <testcase classname="com.salesoptimize.utility.BaseClass" name="@BeforeSuite setup" time="0.0">
    <ignored/>
  </testcase> <!-- @BeforeSuite setup -->
  <testcase classname="com.salesoptimize.utility.BaseClass" name="@BeforeSuite setup" time="0.0">
    <ignored/>
  </testcase> <!-- @BeforeSuite setup -->
  <testcase classname="com.salesoptimize.utility.BaseClass" name="@BeforeSuite setup" time="0.0">
    <ignored/>
  </testcase> <!-- @BeforeSuite setup -->
  <testcase classname="com.salesoptimize.utility.BaseClass" name="@BeforeSuite setup" time="0.0">
    <ignored/>
  </testcase> <!-- @BeforeSuite setup -->
  <testcase classname="com.salesoptimize.utility.BaseClass" name="@BeforeSuite setup" time="0.0">
    <ignored/>
  </testcase> <!-- @BeforeSuite setup -->
  <testcase classname="com.salesoptimize.utility.BaseClass" name="@BeforeSuite setup" time="0.0">
    <ignored/>
  </testcase> <!-- @BeforeSuite setup -->
  <testcase classname="com.salesoptimize.utility.BaseClass" name="@BeforeSuite setup" time="0.0">
    <ignored/>
  </testcase> <!-- @BeforeSuite setup -->
  <testcase classname="com.salesoptimize.utility.BaseClass" name="@BeforeTest login" time="0.0">
    <ignored/>
  </testcase> <!-- @BeforeTest login -->
  <testcase classname="com.salesoptimize.utility.BaseClass" name="@BeforeTest login" time="0.0">
    <ignored/>
  </testcase> <!-- @BeforeTest login -->
  <testcase classname="com.salesoptimize.utility.BaseClass" name="@BeforeTest login" time="0.0">
    <ignored/>
  </testcase> <!-- @BeforeTest login -->
  <testcase classname="com.salesoptimize.utility.BaseClass" name="@BeforeTest login" time="0.0">
    <ignored/>
  </testcase> <!-- @BeforeTest login -->
  <testcase classname="com.salesoptimize.utility.BaseClass" name="@BeforeTest login" time="0.0">
    <ignored/>
  </testcase> <!-- @BeforeTest login -->
  <testcase classname="com.salesoptimize.utility.BaseClass" name="@BeforeTest login" time="0.0">
    <ignored/>
  </testcase> <!-- @BeforeTest login -->
  <testcase classname="com.salesoptimize.utility.BaseClass" name="@BeforeTest login" time="0.0">
    <ignored/>
  </testcase> <!-- @BeforeTest login -->
  <testcase classname="com.salesoptimize.utility.BaseClass" name="@BeforeTest login" time="0.0">
    <ignored/>
  </testcase> <!-- @BeforeTest login -->
  <testcase classname="com.salesoptimize.utility.BaseClass" name="@BeforeTest login" time="0.0">
    <ignored/>
  </testcase> <!-- @BeforeTest login -->
  <testcase classname="com.salesoptimize.utility.BaseClass" name="@BeforeTest login" time="0.0">
    <ignored/>
  </testcase> <!-- @BeforeTest login -->
  <testcase classname="com.salesoptimize.utility.BaseClass" name="@BeforeTest login" time="0.0">
    <ignored/>
  </testcase> <!-- @BeforeTest login -->
  <testcase classname="com.salesoptimize.utility.BaseClass" name="@BeforeTest login" time="0.0">
    <ignored/>
  </testcase> <!-- @BeforeTest login -->
  <testcase classname="com.salesoptimize.utility.BaseClass" name="@BeforeTest login" time="0.0">
    <ignored/>
  </testcase> <!-- @BeforeTest login -->
  <testcase classname="com.salesoptimize.utility.BaseClass" name="@BeforeTest login" time="0.0">
    <ignored/>
  </testcase> <!-- @BeforeTest login -->
  <testcase classname="com.salesoptimize.utility.BaseClass" name="@BeforeTest login" time="0.0">
    <ignored/>
  </testcase> <!-- @BeforeTest login -->
  <testcase classname="com.salesoptimize.utility.BaseClass" name="@BeforeTest login" time="0.0">
    <ignored/>
  </testcase> <!-- @BeforeTest login -->
  <testcase classname="com.salesoptimize.utility.BaseClass" name="@BeforeTest login" time="0.0">
    <ignored/>
  </testcase> <!-- @BeforeTest login -->
  <testcase classname="com.salesoptimize.utility.BaseClass" name="@BeforeTest login" time="0.0">
    <ignored/>
  </testcase> <!-- @BeforeTest login -->
  <testcase classname="com.salesoptimize.utility.BaseClass" name="@BeforeTest login" time="0.0">
    <ignored/>
  </testcase> <!-- @BeforeTest login -->
  <testcase classname="com.salesoptimize.utility.BaseClass" name="@BeforeTest login" time="0.0">
    <ignored/>
  </testcase> <!-- @BeforeTest login -->
  <testcase classname="com.salesoptimize.utility.BaseClass" name="@BeforeTest login" time="0.0">
    <ignored/>
  </testcase> <!-- @BeforeTest login -->
  <testcase classname="com.salesoptimize.utility.BaseClass" name="@BeforeTest login" time="0.0">
    <ignored/>
  </testcase> <!-- @BeforeTest login -->
  <testcase classname="com.salesoptimize.utility.BaseClass" name="@BeforeTest login" time="0.0">
    <ignored/>
  </testcase> <!-- @BeforeTest login -->
  <testcase classname="com.salesoptimize.utility.BaseClass" name="@BeforeTest login" time="0.0">
    <ignored/>
  </testcase> <!-- @BeforeTest login -->
  <testcase classname="com.salesoptimize.utility.BaseClass" name="@BeforeTest login" time="0.0">
    <ignored/>
  </testcase> <!-- @BeforeTest login -->
  <testcase classname="com.salesoptimize.utility.BaseClass" name="@BeforeTest login" time="0.0">
    <ignored/>
  </testcase> <!-- @BeforeTest login -->
  <testcase classname="com.salesoptimize.utility.BaseClass" name="@BeforeTest login" time="0.0">
    <ignored/>
  </testcase> <!-- @BeforeTest login -->
  <testcase classname="com.salesoptimize.utility.BaseClass" name="@BeforeTest login" time="0.0">
    <ignored/>
  </testcase> <!-- @BeforeTest login -->
  <testcase classname="com.salesoptimize.utility.BaseClass" name="@BeforeTest login" time="0.0">
    <ignored/>
  </testcase> <!-- @BeforeTest login -->
  <testcase classname="com.salesoptimize.utility.BaseClass" name="@BeforeTest login" time="0.0">
    <ignored/>
  </testcase> <!-- @BeforeTest login -->
  <testcase classname="com.salesoptimize.utility.BaseClass" name="@BeforeTest login" time="0.0">
    <ignored/>
  </testcase> <!-- @BeforeTest login -->
  <testcase classname="com.salesoptimize.utility.BaseClass" name="@BeforeTest login" time="0.0">
    <ignored/>
  </testcase> <!-- @BeforeTest login -->
  <testcase classname="com.salesoptimize.utility.BaseClass" name="@BeforeTest login" time="0.0">
    <ignored/>
  </testcase> <!-- @BeforeTest login -->
  <testcase classname="com.salesoptimize.utility.BaseClass" name="@BeforeTest login" time="0.0">
    <ignored/>
  </testcase> <!-- @BeforeTest login -->
  <testcase classname="com.salesoptimize.utility.BaseClass" name="@BeforeTest login" time="0.0">
    <ignored/>
  </testcase> <!-- @BeforeTest login -->
  <testcase classname="com.salesoptimize.utility.BaseClass" name="@BeforeTest login" time="0.0">
    <ignored/>
  </testcase> <!-- @BeforeTest login -->
  <testcase classname="com.salesoptimize.utility.BaseClass" name="@BeforeTest login" time="0.0">
    <ignored/>
  </testcase> <!-- @BeforeTest login -->
  <testcase classname="com.salesoptimize.utility.BaseClass" name="@BeforeTest login" time="0.0">
    <ignored/>
  </testcase> <!-- @BeforeTest login -->
  <testcase classname="com.salesoptimize.utility.BaseClass" name="@BeforeTest login" time="0.0">
    <ignored/>
  </testcase> <!-- @BeforeTest login -->
  <testcase classname="com.salesoptimize.utility.BaseClass" name="@BeforeTest login" time="0.0">
    <ignored/>
  </testcase> <!-- @BeforeTest login -->
</testsuite> <!-- SalesOptimizeSuite -->
