<?xml version="1.0" encoding="UTF-8"?>
<!-- Generated by org.testng.reporters.JUnitXMLReporter -->
<testsuite ignored="3" hostname="TechnePlus_GG" failures="2" tests="2" name="LandingPage" time="42.153" errors="0" timestamp="02 Sep 2021 11:08:48 GMT">
  <testcase classname="com.salesoptimize.landingpage.LoginSalesOptimizeTest" name="LoginSalesOptimize" time="4.46">
    <failure type="java.lang.AssertionError" message="expected [tt] but found [abhijit@nixtortech.net]">
      <![CDATA[java.lang.AssertionError: expected [tt] but found [abhijit@nixtortech.net]
	at com.salesoptimize.reusablemethods.ReusableMethodsLogin.login(ReusableMethodsLogin.java:19)
	at com.salesoptimize.landingpage.LoginSalesOptimizeTest.LoginSalesOptimize(LoginSalesOptimizeTest.java:16)
... Removed 31 stack frames]]>
    </failure>
  </testcase> <!-- LoginSalesOptimize -->
  <testcase classname="com.salesoptimize.testcases.TestCase_2" name="ExportPurchasedLeadToSalesforce" time="19.789">
    <failure type="java.lang.RuntimeException" message="java.lang.ArrayIndexOutOfBoundsException: Index 1 out of bounds for length 1">
      <![CDATA[java.lang.RuntimeException: java.lang.ArrayIndexOutOfBoundsException: Index 1 out of bounds for length 1
	at com.salesoptimize.testcases.TestCase_2.ExportPurchasedLeadToSalesforce(TestCase_2.java:20)
Caused by: java.lang.ArrayIndexOutOfBoundsException: Index 1 out of bounds for length 1
	at com.salesoptimize.utility.CommonMethod.findElement(CommonMethod.java:66)
	at com.salesoptimize.utility.CommonMethod.visibilityOf(CommonMethod.java:923)
	at com.salesoptimize.reusablemethods.ReusableMethodsDashboard.ExportPurchasedLeadToSalesforce(ReusableMethodsDashboard.java:308)
	at com.salesoptimize.testcases.TestCase_2.ExportPurchasedLeadToSalesforce(TestCase_2.java:16)
	... 25 more
... Removed 25 stack frames]]>
    </failure>
  </testcase> <!-- ExportPurchasedLeadToSalesforce -->
  <testcase classname="com.salesoptimize.utility.BaseClass" name="@BeforeSuite setup" time="0.0">
    <ignored/>
  </testcase> <!-- @BeforeSuite setup -->
  <testcase classname="com.salesoptimize.utility.BaseClass" name="@AfterSuite end" time="0.0">
    <ignored/>
  </testcase> <!-- @AfterSuite end -->
  <testcase classname="com.salesoptimize.utility.BaseClass" name="@BeforeTest login" time="0.0">
    <ignored/>
  </testcase> <!-- @BeforeTest login -->
</testsuite> <!-- LandingPage -->
